Determining if the pthread_create exist failed with the following output:
Change Dir: /home/janak/final_ws/build/CMakeFiles/CMakeTmp

Run Build Command:"/usr/bin/make" "cmTC_291bb/fast"
/usr/bin/make -f CMakeFiles/cmTC_291bb.dir/build.make CMakeFiles/cmTC_291bb.dir/build
make[1]: Entering directory '/home/janak/final_ws/build/CMakeFiles/CMakeTmp'
Building C object CMakeFiles/cmTC_291bb.dir/CheckSymbolExists.c.o
/usr/bin/cc    -o CMakeFiles/cmTC_291bb.dir/CheckSymbolExists.c.o   -c /home/janak/final_ws/build/CMakeFiles/CMakeTmp/CheckSymbolExists.c
Linking C executable cmTC_291bb
/usr/bin/cmake -E cmake_link_script CMakeFiles/cmTC_291bb.dir/link.txt --verbose=1
/usr/bin/cc      -rdynamic CMakeFiles/cmTC_291bb.dir/CheckSymbolExists.c.o  -o cmTC_291bb 
CMakeFiles/cmTC_291bb.dir/CheckSymbolExists.c.o: In function `main':
CheckSymbolExists.c:(.text+0x1b): undefined reference to `pthread_create'
collect2: error: ld returned 1 exit status
CMakeFiles/cmTC_291bb.dir/build.make:97: recipe for target 'cmTC_291bb' failed
make[1]: *** [cmTC_291bb] Error 1
make[1]: Leaving directory '/home/janak/final_ws/build/CMakeFiles/CMakeTmp'
Makefile:126: recipe for target 'cmTC_291bb/fast' failed
make: *** [cmTC_291bb/fast] Error 2

File /home/janak/final_ws/build/CMakeFiles/CMakeTmp/CheckSymbolExists.c:
/* */
#include <pthread.h>

int main(int argc, char** argv)
{
  (void)argv;
#ifndef pthread_create
  return ((int*)(&pthread_create))[argc];
#else
  (void)argc;
  return 0;
#endif
}

Determining if the function pthread_create exists in the pthreads failed with the following output:
Change Dir: /home/janak/final_ws/build/CMakeFiles/CMakeTmp

Run Build Command:"/usr/bin/make" "cmTC_00606/fast"
/usr/bin/make -f CMakeFiles/cmTC_00606.dir/build.make CMakeFiles/cmTC_00606.dir/build
make[1]: Entering directory '/home/janak/final_ws/build/CMakeFiles/CMakeTmp'
Building C object CMakeFiles/cmTC_00606.dir/CheckFunctionExists.c.o
/usr/bin/cc   -DCHECK_FUNCTION_EXISTS=pthread_create   -o CMakeFiles/cmTC_00606.dir/CheckFunctionExists.c.o   -c /usr/share/cmake-3.10/Modules/CheckFunctionExists.c
Linking C executable cmTC_00606
/usr/bin/cmake -E cmake_link_script CMakeFiles/cmTC_00606.dir/link.txt --verbose=1
/usr/bin/cc  -DCHECK_FUNCTION_EXISTS=pthread_create    -rdynamic CMakeFiles/cmTC_00606.dir/CheckFunctionExists.c.o  -o cmTC_00606 -lpthreads 
/usr/bin/ld: cannot find -lpthreads
collect2: error: ld returned 1 exit status
CMakeFiles/cmTC_00606.dir/build.make:97: recipe for target 'cmTC_00606' failed
make[1]: *** [cmTC_00606] Error 1
make[1]: Leaving directory '/home/janak/final_ws/build/CMakeFiles/CMakeTmp'
Makefile:126: recipe for target 'cmTC_00606/fast' failed
make: *** [cmTC_00606/fast] Error 2


